2016-10-20 08:53:46 root         INFO     Server Started
2016-10-20 08:53:47 root         INFO     Server Started
2016-10-20 08:53:48 py.warnings  WARNING  E:\tbkt_hn\tbkt_student\tbkt\urls.py:14: RemovedInDjango110Warning: django.conf.urls.patterns() is deprecated and will be removed in Django 1.10. Update your urlpatterns to be a list of django.conf.urls.url() instances instead.
  (r'^logview/(?P<path>.*)$', 'django.views.static.serve', {'document_root': settings.LOGDIR}),

2016-10-20 08:53:48 py.warnings  WARNING  D:\python27\lib\site-packages\django\conf\urls\__init__.py:89: RemovedInDjango110Warning: Support for string view arguments to url() is deprecated and will be removed in Django 1.10 (got django.views.static.serve). Pass the callable instead.
  t = url(prefix=prefix, *t)

2016-10-20 08:53:48 py.warnings  WARNING  D:\python27\lib\site-packages\django\conf\urls\__init__.py:89: RemovedInDjango110Warning: Support for string view arguments to url() is deprecated and will be removed in Django 1.10 (got django.views.generic.simple.direct_to_template). Pass the callable instead.
  t = url(prefix=prefix, *t)

2016-10-20 08:53:48 py.warnings  WARNING  E:\tbkt_hn\tbkt_student\apps\english\urls.py:8: RemovedInDjango110Warning: django.conf.urls.patterns() is deprecated and will be removed in Django 1.10. Update your urlpatterns to be a list of django.conf.urls.url() instances instead.
  (r"^wordwrite/$", "wordwrite"),                        # 单词测听写

2016-10-20 08:53:48 py.warnings  WARNING  D:\python27\lib\site-packages\django\conf\urls\__init__.py:89: RemovedInDjango110Warning: Support for string view arguments to url() is deprecated and will be removed in Django 1.10 (got wordstudy). Pass the callable instead.
  t = url(prefix=prefix, *t)

2016-10-20 08:53:48 py.warnings  WARNING  D:\python27\lib\site-packages\django\conf\urls\__init__.py:89: RemovedInDjango110Warning: Support for string view arguments to url() is deprecated and will be removed in Django 1.10 (got wordread). Pass the callable instead.
  t = url(prefix=prefix, *t)

2016-10-20 08:53:48 py.warnings  WARNING  D:\python27\lib\site-packages\django\conf\urls\__init__.py:89: RemovedInDjango110Warning: Support for string view arguments to url() is deprecated and will be removed in Django 1.10 (got wordwrite). Pass the callable instead.
  t = url(prefix=prefix, *t)

2016-10-20 08:53:48 py.warnings  WARNING  E:\tbkt_hn\tbkt_student\apps\english\urls.py:15: RemovedInDjango110Warning: django.conf.urls.patterns() is deprecated and will be removed in Django 1.10. Update your urlpatterns to be a list of django.conf.urls.url() instances instead.
  (r"^textrecite/$", "textrecite"),                        # 课文背诵

2016-10-20 08:53:48 py.warnings  WARNING  D:\python27\lib\site-packages\django\conf\urls\__init__.py:89: RemovedInDjango110Warning: Support for string view arguments to url() is deprecated and will be removed in Django 1.10 (got textstudy). Pass the callable instead.
  t = url(prefix=prefix, *t)

2016-10-20 08:53:48 py.warnings  WARNING  D:\python27\lib\site-packages\django\conf\urls\__init__.py:89: RemovedInDjango110Warning: Support for string view arguments to url() is deprecated and will be removed in Django 1.10 (got textread). Pass the callable instead.
  t = url(prefix=prefix, *t)

2016-10-20 08:53:48 py.warnings  WARNING  D:\python27\lib\site-packages\django\conf\urls\__init__.py:89: RemovedInDjango110Warning: Support for string view arguments to url() is deprecated and will be removed in Django 1.10 (got textrecite). Pass the callable instead.
  t = url(prefix=prefix, *t)

2016-10-20 08:53:48 py.warnings  WARNING  E:\tbkt_hn\tbkt_student\apps\english\urls.py:21: RemovedInDjango110Warning: django.conf.urls.patterns() is deprecated and will be removed in Django 1.10. Update your urlpatterns to be a list of django.conf.urls.url() instances instead.
  (r"^dialoguestudy/$", "dialoguestudy"),                          # 情景对话学习

2016-10-20 08:53:48 py.warnings  WARNING  D:\python27\lib\site-packages\django\conf\urls\__init__.py:89: RemovedInDjango110Warning: Support for string view arguments to url() is deprecated and will be removed in Django 1.10 (got dialoguerole). Pass the callable instead.
  t = url(prefix=prefix, *t)

2016-10-20 08:53:48 py.warnings  WARNING  D:\python27\lib\site-packages\django\conf\urls\__init__.py:89: RemovedInDjango110Warning: Support for string view arguments to url() is deprecated and will be removed in Django 1.10 (got dialoguestudy). Pass the callable instead.
  t = url(prefix=prefix, *t)

2016-10-20 08:53:48 py.warnings  WARNING  E:\tbkt_hn\tbkt_student\apps\english\urls.py:26: RemovedInDjango110Warning: django.conf.urls.patterns() is deprecated and will be removed in Django 1.10. Update your urlpatterns to be a list of django.conf.urls.url() instances instead.
  (r"^listenstudy/$", "listenstudy"),                        # 听力学习

2016-10-20 08:53:48 py.warnings  WARNING  D:\python27\lib\site-packages\django\conf\urls\__init__.py:89: RemovedInDjango110Warning: Support for string view arguments to url() is deprecated and will be removed in Django 1.10 (got listenstudy). Pass the callable instead.
  t = url(prefix=prefix, *t)

2016-10-20 08:53:48 py.warnings  WARNING  E:\tbkt_hn\tbkt_student\apps\english\urls.py:32: RemovedInDjango110Warning: django.conf.urls.patterns() is deprecated and will be removed in Django 1.10. Update your urlpatterns to be a list of django.conf.urls.url() instances instead.
  (r"^post/submit_read/$", "submit_read"),                # 单句跟读结果提交

2016-10-20 08:53:48 py.warnings  WARNING  D:\python27\lib\site-packages\django\conf\urls\__init__.py:89: RemovedInDjango110Warning: Support for string view arguments to url() is deprecated and will be removed in Django 1.10 (got submit). Pass the callable instead.
  t = url(prefix=prefix, *t)

2016-10-20 08:53:48 py.warnings  WARNING  D:\python27\lib\site-packages\django\conf\urls\__init__.py:89: RemovedInDjango110Warning: Support for string view arguments to url() is deprecated and will be removed in Django 1.10 (got submit_read). Pass the callable instead.
  t = url(prefix=prefix, *t)

2016-10-20 08:53:48 py.warnings  WARNING  E:\tbkt_hn\tbkt_student\apps\english2\urls.py:6: RemovedInDjango110Warning: django.conf.urls.patterns() is deprecated and will be removed in Django 1.10. Update your urlpatterns to be a list of django.conf.urls.url() instances instead.
  (r"^wordstudy/$", "wordstudy"),                        # 单词学习

2016-10-20 08:53:48 py.warnings  WARNING  E:\tbkt_hn\tbkt_student\apps\english2\urls.py:11: RemovedInDjango110Warning: django.conf.urls.patterns() is deprecated and will be removed in Django 1.10. Update your urlpatterns to be a list of django.conf.urls.url() instances instead.
  (r"^textstudy/$", "textstudy"),                        # 课文学习

2016-10-20 08:53:48 py.warnings  WARNING  E:\tbkt_hn\tbkt_student\apps\english2\urls.py:18: RemovedInDjango110Warning: django.conf.urls.patterns() is deprecated and will be removed in Django 1.10. Update your urlpatterns to be a list of django.conf.urls.url() instances instead.
  (r"^analysis/video_dialog/(?P<id>\d+)/$", "video_dialog"), # 视频弹窗

2016-10-20 08:53:48 py.warnings  WARNING  D:\python27\lib\site-packages\django\conf\urls\__init__.py:89: RemovedInDjango110Warning: Support for string view arguments to url() is deprecated and will be removed in Django 1.10 (got analysis). Pass the callable instead.
  t = url(prefix=prefix, *t)

2016-10-20 08:53:48 py.warnings  WARNING  D:\python27\lib\site-packages\django\conf\urls\__init__.py:89: RemovedInDjango110Warning: Support for string view arguments to url() is deprecated and will be removed in Django 1.10 (got video_dialog). Pass the callable instead.
  t = url(prefix=prefix, *t)

2016-10-20 08:53:48 py.warnings  WARNING  E:\tbkt_hn\tbkt_student\apps\english2\urls.py:29: RemovedInDjango110Warning: django.conf.urls.patterns() is deprecated and will be removed in Django 1.10. Update your urlpatterns to be a list of django.conf.urls.url() instances instead.
  (r"^test/createpdf/$", "r_createpdf"),                  # 生成pdf

2016-10-20 08:53:48 py.warnings  WARNING  D:\python27\lib\site-packages\django\conf\urls\__init__.py:89: RemovedInDjango110Warning: Support for string view arguments to url() is deprecated and will be removed in Django 1.10 (got r_addpbook). Pass the callable instead.
  t = url(prefix=prefix, *t)

2016-10-20 08:53:48 py.warnings  WARNING  D:\python27\lib\site-packages\django\conf\urls\__init__.py:89: RemovedInDjango110Warning: Support for string view arguments to url() is deprecated and will be removed in Django 1.10 (got r_index). Pass the callable instead.
  t = url(prefix=prefix, *t)

2016-10-20 08:53:48 py.warnings  WARNING  D:\python27\lib\site-packages\django\conf\urls\__init__.py:89: RemovedInDjango110Warning: Support for string view arguments to url() is deprecated and will be removed in Django 1.10 (got r_paper). Pass the callable instead.
  t = url(prefix=prefix, *t)

2016-10-20 08:53:48 py.warnings  WARNING  D:\python27\lib\site-packages\django\conf\urls\__init__.py:89: RemovedInDjango110Warning: Support for string view arguments to url() is deprecated and will be removed in Django 1.10 (got r_result). Pass the callable instead.
  t = url(prefix=prefix, *t)

2016-10-20 08:53:48 py.warnings  WARNING  D:\python27\lib\site-packages\django\conf\urls\__init__.py:89: RemovedInDjango110Warning: Support for string view arguments to url() is deprecated and will be removed in Django 1.10 (got p_submit). Pass the callable instead.
  t = url(prefix=prefix, *t)

2016-10-20 08:53:48 py.warnings  WARNING  D:\python27\lib\site-packages\django\conf\urls\__init__.py:89: RemovedInDjango110Warning: Support for string view arguments to url() is deprecated and will be removed in Django 1.10 (got r_download). Pass the callable instead.
  t = url(prefix=prefix, *t)

2016-10-20 08:53:48 py.warnings  WARNING  D:\python27\lib\site-packages\django\conf\urls\__init__.py:89: RemovedInDjango110Warning: Support for string view arguments to url() is deprecated and will be removed in Django 1.10 (got r_createpdf). Pass the callable instead.
  t = url(prefix=prefix, *t)

2016-10-20 08:53:48 py.warnings  WARNING  E:\tbkt_hn\tbkt_student\apps\english2\urls.py:35: RemovedInDjango110Warning: django.conf.urls.patterns() is deprecated and will be removed in Django 1.10. Update your urlpatterns to be a list of django.conf.urls.url() instances instead.
  (r"^wrongtitleset/download/$", "r_download"),           # 下载错题集

2016-10-20 08:53:48 py.warnings  WARNING  D:\python27\lib\site-packages\django\conf\urls\__init__.py:89: RemovedInDjango110Warning: Support for string view arguments to url() is deprecated and will be removed in Django 1.10 (got wrongtitleset). Pass the callable instead.
  t = url(prefix=prefix, *t)

2016-10-20 08:53:48 py.warnings  WARNING  E:\tbkt_hn\tbkt_student\apps\english2\urls.py:40: RemovedInDjango110Warning: django.conf.urls.patterns() is deprecated and will be removed in Django 1.10. Update your urlpatterns to be a list of django.conf.urls.url() instances instead.
  (r"^post/submit/$", "submit"),                          # 英语测试结果提交

2016-10-20 08:53:48 py.warnings  WARNING  E:\tbkt_hn\tbkt_student\apps\book\urls.py:7: RemovedInDjango110Warning: django.conf.urls.patterns() is deprecated and will be removed in Django 1.10. Update your urlpatterns to be a list of django.conf.urls.url() instances instead.
  (r'^post/get_paper_list/$', 'get_paper_list'),                  # 获取练习册

2016-10-20 08:53:48 py.warnings  WARNING  D:\python27\lib\site-packages\django\conf\urls\__init__.py:89: RemovedInDjango110Warning: Support for string view arguments to url() is deprecated and will be removed in Django 1.10 (got get_paper_press_list). Pass the callable instead.
  t = url(prefix=prefix, *t)

2016-10-20 08:53:48 py.warnings  WARNING  D:\python27\lib\site-packages\django\conf\urls\__init__.py:89: RemovedInDjango110Warning: Support for string view arguments to url() is deprecated and will be removed in Django 1.10 (got get_paper_book_list). Pass the callable instead.
  t = url(prefix=prefix, *t)

2016-10-20 08:53:48 py.warnings  WARNING  D:\python27\lib\site-packages\django\conf\urls\__init__.py:89: RemovedInDjango110Warning: Support for string view arguments to url() is deprecated and will be removed in Django 1.10 (got get_paper_list). Pass the callable instead.
  t = url(prefix=prefix, *t)

2016-10-20 08:53:48 py.warnings  WARNING  E:\tbkt_hn\tbkt_student\apps\book\urls.py:12: RemovedInDjango110Warning: django.conf.urls.patterns() is deprecated and will be removed in Django 1.10. Update your urlpatterns to be a list of django.conf.urls.url() instances instead.
  (r"^post/updatebook/$", "select_book"),                        # (选教材)确定

2016-10-20 08:53:48 py.warnings  WARNING  D:\python27\lib\site-packages\django\conf\urls\__init__.py:89: RemovedInDjango110Warning: Support for string view arguments to url() is deprecated and will be removed in Django 1.10 (got addbook). Pass the callable instead.
  t = url(prefix=prefix, *t)

2016-10-20 08:53:48 py.warnings  WARNING  D:\python27\lib\site-packages\django\conf\urls\__init__.py:89: RemovedInDjango110Warning: Support for string view arguments to url() is deprecated and will be removed in Django 1.10 (got select_book). Pass the callable instead.
  t = url(prefix=prefix, *t)

2016-10-20 08:53:48 py.warnings  WARNING  E:\tbkt_hn\tbkt_student\apps\math\urls.py:7: RemovedInDjango110Warning: django.conf.urls.patterns() is deprecated and will be removed in Django 1.10. Update your urlpatterns to be a list of django.conf.urls.url() instances instead.
  (r"^book/knowledge/$", "knowledge"),                          # 知识或文本

2016-10-20 08:53:48 py.warnings  WARNING  D:\python27\lib\site-packages\django\conf\urls\__init__.py:89: RemovedInDjango110Warning: Support for string view arguments to url() is deprecated and will be removed in Django 1.10 (got index). Pass the callable instead.
  t = url(prefix=prefix, *t)

2016-10-20 08:53:48 py.warnings  WARNING  D:\python27\lib\site-packages\django\conf\urls\__init__.py:89: RemovedInDjango110Warning: Support for string view arguments to url() is deprecated and will be removed in Django 1.10 (got knowledge). Pass the callable instead.
  t = url(prefix=prefix, *t)

2016-10-20 08:53:48 py.warnings  WARNING  E:\tbkt_hn\tbkt_student\apps\math\urls.py:22: RemovedInDjango110Warning: django.conf.urls.patterns() is deprecated and will be removed in Django 1.10. Update your urlpatterns to be a list of django.conf.urls.url() instances instead.
  (r"^pbook/personaized/result/$", "personaized_result"),                                  # 个性化学习结果

2016-10-20 08:53:48 py.warnings  WARNING  D:\python27\lib\site-packages\django\conf\urls\__init__.py:89: RemovedInDjango110Warning: Support for string view arguments to url() is deprecated and will be removed in Django 1.10 (got addpbook). Pass the callable instead.
  t = url(prefix=prefix, *t)

2016-10-20 08:53:48 py.warnings  WARNING  D:\python27\lib\site-packages\django\conf\urls\__init__.py:89: RemovedInDjango110Warning: Support for string view arguments to url() is deprecated and will be removed in Django 1.10 (got explain). Pass the callable instead.
  t = url(prefix=prefix, *t)

2016-10-20 08:53:48 py.warnings  WARNING  D:\python27\lib\site-packages\django\conf\urls\__init__.py:89: RemovedInDjango110Warning: Support for string view arguments to url() is deprecated and will be removed in Django 1.10 (got content). Pass the callable instead.
  t = url(prefix=prefix, *t)

2016-10-20 08:53:48 py.warnings  WARNING  D:\python27\lib\site-packages\django\conf\urls\__init__.py:89: RemovedInDjango110Warning: Support for string view arguments to url() is deprecated and will be removed in Django 1.10 (got test). Pass the callable instead.
  t = url(prefix=prefix, *t)

2016-10-20 08:53:48 py.warnings  WARNING  D:\python27\lib\site-packages\django\conf\urls\__init__.py:89: RemovedInDjango110Warning: Support for string view arguments to url() is deprecated and will be removed in Django 1.10 (got mark). Pass the callable instead.
  t = url(prefix=prefix, *t)

2016-10-20 08:53:48 py.warnings  WARNING  D:\python27\lib\site-packages\django\conf\urls\__init__.py:89: RemovedInDjango110Warning: Support for string view arguments to url() is deprecated and will be removed in Django 1.10 (got result). Pass the callable instead.
  t = url(prefix=prefix, *t)

2016-10-20 08:53:48 py.warnings  WARNING  D:\python27\lib\site-packages\django\conf\urls\__init__.py:89: RemovedInDjango110Warning: Support for string view arguments to url() is deprecated and will be removed in Django 1.10 (got question). Pass the callable instead.
  t = url(prefix=prefix, *t)

2016-10-20 08:53:48 py.warnings  WARNING  D:\python27\lib\site-packages\django\conf\urls\__init__.py:89: RemovedInDjango110Warning: Support for string view arguments to url() is deprecated and will be removed in Django 1.10 (got revised). Pass the callable instead.
  t = url(prefix=prefix, *t)

2016-10-20 08:53:48 py.warnings  WARNING  D:\python27\lib\site-packages\django\conf\urls\__init__.py:89: RemovedInDjango110Warning: Support for string view arguments to url() is deprecated and will be removed in Django 1.10 (got personaized). Pass the callable instead.
  t = url(prefix=prefix, *t)

2016-10-20 08:53:48 py.warnings  WARNING  D:\python27\lib\site-packages\django\conf\urls\__init__.py:89: RemovedInDjango110Warning: Support for string view arguments to url() is deprecated and will be removed in Django 1.10 (got personaized_result). Pass the callable instead.
  t = url(prefix=prefix, *t)

2016-10-20 08:53:48 py.warnings  WARNING  E:\tbkt_hn\tbkt_student\apps\math\urls.py:31: RemovedInDjango110Warning: django.conf.urls.patterns() is deprecated and will be removed in Django 1.10. Update your urlpatterns to be a list of django.conf.urls.url() instances instead.
  (r"^personaized/result/$", "r_result"),                        # 结果

2016-10-20 08:53:48 py.warnings  WARNING  D:\python27\lib\site-packages\django\conf\urls\__init__.py:89: RemovedInDjango110Warning: Support for string view arguments to url() is deprecated and will be removed in Django 1.10 (got r_list). Pass the callable instead.
  t = url(prefix=prefix, *t)

2016-10-20 08:53:48 py.warnings  WARNING  D:\python27\lib\site-packages\django\conf\urls\__init__.py:89: RemovedInDjango110Warning: Support for string view arguments to url() is deprecated and will be removed in Django 1.10 (got r_test). Pass the callable instead.
  t = url(prefix=prefix, *t)

2016-10-20 08:53:48 py.warnings  WARNING  D:\python27\lib\site-packages\django\conf\urls\__init__.py:89: RemovedInDjango110Warning: Support for string view arguments to url() is deprecated and will be removed in Django 1.10 (got r_mark). Pass the callable instead.
  t = url(prefix=prefix, *t)

2016-10-20 08:53:48 py.warnings  WARNING  E:\tbkt_hn\tbkt_student\apps\math\urls.py:40: RemovedInDjango110Warning: django.conf.urls.patterns() is deprecated and will be removed in Django 1.10. Update your urlpatterns to be a list of django.conf.urls.url() instances instead.
  (r"^wrongtitleset/question/$", "question"),                          # 准备测试

2016-10-20 08:53:48 py.warnings  WARNING  D:\python27\lib\site-packages\django\conf\urls\__init__.py:89: RemovedInDjango110Warning: Support for string view arguments to url() is deprecated and will be removed in Django 1.10 (got study). Pass the callable instead.
  t = url(prefix=prefix, *t)

2016-10-20 08:53:48 py.warnings  WARNING  E:\tbkt_hn\tbkt_student\apps\math\urls.py:50: RemovedInDjango110Warning: django.conf.urls.patterns() is deprecated and will be removed in Django 1.10. Update your urlpatterns to be a list of django.conf.urls.url() instances instead.
  (r'^pdf_html_save/$', 'pdf_html_save'),    # 保存pdf的html代码

2016-10-20 08:53:48 py.warnings  WARNING  D:\python27\lib\site-packages\django\conf\urls\__init__.py:89: RemovedInDjango110Warning: Support for string view arguments to url() is deprecated and will be removed in Django 1.10 (got sumbit). Pass the callable instead.
  t = url(prefix=prefix, *t)

2016-10-20 08:53:48 py.warnings  WARNING  D:\python27\lib\site-packages\django\conf\urls\__init__.py:89: RemovedInDjango110Warning: Support for string view arguments to url() is deprecated and will be removed in Django 1.10 (got p_mark). Pass the callable instead.
  t = url(prefix=prefix, *t)

2016-10-20 08:53:48 py.warnings  WARNING  D:\python27\lib\site-packages\django\conf\urls\__init__.py:89: RemovedInDjango110Warning: Support for string view arguments to url() is deprecated and will be removed in Django 1.10 (got send_sms). Pass the callable instead.
  t = url(prefix=prefix, *t)

2016-10-20 08:53:48 py.warnings  WARNING  D:\python27\lib\site-packages\django\conf\urls\__init__.py:89: RemovedInDjango110Warning: Support for string view arguments to url() is deprecated and will be removed in Django 1.10 (got downloadQuestion). Pass the callable instead.
  t = url(prefix=prefix, *t)

2016-10-20 08:53:48 py.warnings  WARNING  D:\python27\lib\site-packages\django\conf\urls\__init__.py:89: RemovedInDjango110Warning: Support for string view arguments to url() is deprecated and will be removed in Django 1.10 (got pdf_html_save). Pass the callable instead.
  t = url(prefix=prefix, *t)

2016-10-20 08:53:48 py.warnings  WARNING  E:\tbkt_hn\tbkt_student\apps\math2\urls.py:8: RemovedInDjango110Warning: django.conf.urls.patterns() is deprecated and will be removed in Django 1.10. Update your urlpatterns to be a list of django.conf.urls.url() instances instead.
  (r"^book/method/$", "method"),                          # 方法

2016-10-20 08:53:48 py.warnings  WARNING  D:\python27\lib\site-packages\django\conf\urls\__init__.py:89: RemovedInDjango110Warning: Support for string view arguments to url() is deprecated and will be removed in Django 1.10 (got method). Pass the callable instead.
  t = url(prefix=prefix, *t)

2016-10-20 08:53:48 py.warnings  WARNING  E:\tbkt_hn\tbkt_student\apps\math2\urls.py:23: RemovedInDjango110Warning: django.conf.urls.patterns() is deprecated and will be removed in Django 1.10. Update your urlpatterns to be a list of django.conf.urls.url() instances instead.
  (r"^pbook/personaized/result/$", "personaized_result"),                                  # 个性化学习结果

2016-10-20 08:53:48 py.warnings  WARNING  D:\python27\lib\site-packages\django\conf\urls\__init__.py:89: RemovedInDjango110Warning: Support for string view arguments to url() is deprecated and will be removed in Django 1.10 (got revised_study_method). Pass the callable instead.
  t = url(prefix=prefix, *t)

2016-10-20 08:53:48 py.warnings  WARNING  E:\tbkt_hn\tbkt_student\apps\math2\urls.py:34: RemovedInDjango110Warning: django.conf.urls.patterns() is deprecated and will be removed in Django 1.10. Update your urlpatterns to be a list of django.conf.urls.url() instances instead.
  (r"^personaized/result/$", "r_result"),                        # 结果

2016-10-20 08:53:48 py.warnings  WARNING  E:\tbkt_hn\tbkt_student\apps\math2\urls.py:42: RemovedInDjango110Warning: django.conf.urls.patterns() is deprecated and will be removed in Django 1.10. Update your urlpatterns to be a list of django.conf.urls.url() instances instead.
  (r"^wrongtitleset/result/$", "result"),                        # 错题集结果

2016-10-20 08:53:48 py.warnings  WARNING  E:\tbkt_hn\tbkt_student\apps\math2\urls.py:52: RemovedInDjango110Warning: django.conf.urls.patterns() is deprecated and will be removed in Django 1.10. Update your urlpatterns to be a list of django.conf.urls.url() instances instead.
  (r'^pdf_html_save/$', 'pdf_html_save'),    # 保存pdf的html代码

2016-10-20 08:53:48 py.warnings  WARNING  E:\tbkt_hn\tbkt_student\apps\task\urls.py:12: RemovedInDjango110Warning: django.conf.urls.patterns() is deprecated and will be removed in Django 1.10. Update your urlpatterns to be a list of django.conf.urls.url() instances instead.
  (r"^personaized/result/$", "personaized_result"),                          # 作业个性化学习

2016-10-20 08:53:48 py.warnings  WARNING  E:\tbkt_hn\tbkt_student\apps\task\urls.py:21: RemovedInDjango110Warning: django.conf.urls.patterns() is deprecated and will be removed in Django 1.10. Update your urlpatterns to be a list of django.conf.urls.url() instances instead.
  (r'^pdf_html_save/$', 'pdf_html_save'),    # 保存pdf的html代码

2016-10-20 08:53:48 py.warnings  WARNING  E:\tbkt_hn\tbkt_student\apps\task\urls.py:28: RemovedInDjango110Warning: django.conf.urls.patterns() is deprecated and will be removed in Django 1.10. Update your urlpatterns to be a list of django.conf.urls.url() instances instead.
  (r'^english/question/(?P<qid>\d+)/$', 'r_question'),  # 异步获取一道大题

2016-10-20 08:53:48 py.warnings  WARNING  D:\python27\lib\site-packages\django\conf\urls\__init__.py:89: RemovedInDjango110Warning: Support for string view arguments to url() is deprecated and will be removed in Django 1.10 (got english_result). Pass the callable instead.
  t = url(prefix=prefix, *t)

2016-10-20 08:53:48 py.warnings  WARNING  D:\python27\lib\site-packages\django\conf\urls\__init__.py:89: RemovedInDjango110Warning: Support for string view arguments to url() is deprecated and will be removed in Django 1.10 (got p_submit_test). Pass the callable instead.
  t = url(prefix=prefix, *t)

2016-10-20 08:53:48 py.warnings  WARNING  D:\python27\lib\site-packages\django\conf\urls\__init__.py:89: RemovedInDjango110Warning: Support for string view arguments to url() is deprecated and will be removed in Django 1.10 (got r_question). Pass the callable instead.
  t = url(prefix=prefix, *t)

2016-10-20 08:53:48 py.warnings  WARNING  E:\tbkt_hn\tbkt_student\apps\task\urls.py:37: RemovedInDjango110Warning: django.conf.urls.patterns() is deprecated and will be removed in Django 1.10. Update your urlpatterns to be a list of django.conf.urls.url() instances instead.
  (r"^yy/post/submit/$", "p_submit"),    # 提交提交作业

2016-10-20 08:53:48 py.warnings  WARNING  D:\python27\lib\site-packages\django\conf\urls\__init__.py:89: RemovedInDjango110Warning: Support for string view arguments to url() is deprecated and will be removed in Django 1.10 (got r_task_detail). Pass the callable instead.
  t = url(prefix=prefix, *t)

2016-10-20 08:53:48 py.warnings  WARNING  D:\python27\lib\site-packages\django\conf\urls\__init__.py:89: RemovedInDjango110Warning: Support for string view arguments to url() is deprecated and will be removed in Django 1.10 (got r_task_test). Pass the callable instead.
  t = url(prefix=prefix, *t)

2016-10-20 08:53:48 py.warnings  WARNING  D:\python27\lib\site-packages\django\conf\urls\__init__.py:89: RemovedInDjango110Warning: Support for string view arguments to url() is deprecated and will be removed in Django 1.10 (got r_task_result). Pass the callable instead.
  t = url(prefix=prefix, *t)

2016-10-20 08:53:48 py.warnings  WARNING  E:\tbkt_hn\tbkt_student\apps\task\urls.py:45: RemovedInDjango110Warning: django.conf.urls.patterns() is deprecated and will be removed in Django 1.10. Update your urlpatterns to be a list of django.conf.urls.url() instances instead.
  (r'^activity/get_more/$', 'get_more'),              # 排行榜获取更多

2016-10-20 08:53:48 py.warnings  WARNING  D:\python27\lib\site-packages\django\conf\urls\__init__.py:89: RemovedInDjango110Warning: Support for string view arguments to url() is deprecated and will be removed in Django 1.10 (got detail). Pass the callable instead.
  t = url(prefix=prefix, *t)

2016-10-20 08:53:48 py.warnings  WARNING  D:\python27\lib\site-packages\django\conf\urls\__init__.py:89: RemovedInDjango110Warning: Support for string view arguments to url() is deprecated and will be removed in Django 1.10 (got rank). Pass the callable instead.
  t = url(prefix=prefix, *t)

2016-10-20 08:53:48 py.warnings  WARNING  D:\python27\lib\site-packages\django\conf\urls\__init__.py:89: RemovedInDjango110Warning: Support for string view arguments to url() is deprecated and will be removed in Django 1.10 (got get_more). Pass the callable instead.
  t = url(prefix=prefix, *t)

2016-10-20 08:53:48 py.warnings  WARNING  E:\tbkt_hn\tbkt_student\apps\task\urls.py:52: RemovedInDjango110Warning: django.conf.urls.patterns() is deprecated and will be removed in Django 1.10. Update your urlpatterns to be a list of django.conf.urls.url() instances instead.
  (r'^activity/get/watch_score/$', 'r_watch_score'), # 获得今日观看教材视频分数

2016-10-20 08:53:48 py.warnings  WARNING  D:\python27\lib\site-packages\django\conf\urls\__init__.py:89: RemovedInDjango110Warning: Support for string view arguments to url() is deprecated and will be removed in Django 1.10 (got p_share). Pass the callable instead.
  t = url(prefix=prefix, *t)

2016-10-20 08:53:48 py.warnings  WARNING  D:\python27\lib\site-packages\django\conf\urls\__init__.py:89: RemovedInDjango110Warning: Support for string view arguments to url() is deprecated and will be removed in Django 1.10 (got r_think_score). Pass the callable instead.
  t = url(prefix=prefix, *t)

2016-10-20 08:53:48 py.warnings  WARNING  D:\python27\lib\site-packages\django\conf\urls\__init__.py:89: RemovedInDjango110Warning: Support for string view arguments to url() is deprecated and will be removed in Django 1.10 (got r_watch_score). Pass the callable instead.
  t = url(prefix=prefix, *t)

2016-10-20 08:53:48 py.warnings  WARNING  E:\tbkt_hn\tbkt_student\apps\account\urls.py:6: RemovedInDjango110Warning: django.conf.urls.patterns() is deprecated and will be removed in Django 1.10. Update your urlpatterns to be a list of django.conf.urls.url() instances instead.
  (r"^updateclass/$", "updateclass"),                          # 修改班级

2016-10-20 08:53:48 py.warnings  WARNING  D:\python27\lib\site-packages\django\conf\urls\__init__.py:89: RemovedInDjango110Warning: Support for string view arguments to url() is deprecated and will be removed in Django 1.10 (got updateclass). Pass the callable instead.
  t = url(prefix=prefix, *t)

2016-10-20 08:53:48 py.warnings  WARNING  E:\tbkt_hn\tbkt_student\apps\account\urls.py:12: RemovedInDjango110Warning: django.conf.urls.patterns() is deprecated and will be removed in Django 1.10. Update your urlpatterns to be a list of django.conf.urls.url() instances instead.
  (r'^sendpwd/$', 'send_pwd'),                                               #设置密码

2016-10-20 08:53:48 py.warnings  WARNING  D:\python27\lib\site-packages\django\conf\urls\__init__.py:89: RemovedInDjango110Warning: Support for string view arguments to url() is deprecated and will be removed in Django 1.10 (got change_pwd). Pass the callable instead.
  t = url(prefix=prefix, *t)

2016-10-20 08:53:48 py.warnings  WARNING  D:\python27\lib\site-packages\django\conf\urls\__init__.py:89: RemovedInDjango110Warning: Support for string view arguments to url() is deprecated and will be removed in Django 1.10 (got send_pwd). Pass the callable instead.
  t = url(prefix=prefix, *t)

2016-10-20 08:53:48 py.warnings  WARNING  E:\tbkt_hn\tbkt_student\apps\account\urls.py:17: RemovedInDjango110Warning: django.conf.urls.patterns() is deprecated and will be removed in Django 1.10. Update your urlpatterns to be a list of django.conf.urls.url() instances instead.
  (r'^portrait/$', 'portrait'),                                  #编辑个人头像

2016-10-20 08:53:48 py.warnings  WARNING  D:\python27\lib\site-packages\django\conf\urls\__init__.py:89: RemovedInDjango110Warning: Support for string view arguments to url() is deprecated and will be removed in Django 1.10 (got portrait). Pass the callable instead.
  t = url(prefix=prefix, *t)

2016-10-20 08:53:48 py.warnings  WARNING  E:\tbkt_hn\tbkt_student\apps\account\urls.py:22: RemovedInDjango110Warning: django.conf.urls.patterns() is deprecated and will be removed in Django 1.10. Update your urlpatterns to be a list of django.conf.urls.url() instances instead.
  (r'^profile/$', 'profile'),          #更改个人资料

2016-10-20 08:53:48 py.warnings  WARNING  D:\python27\lib\site-packages\django\conf\urls\__init__.py:89: RemovedInDjango110Warning: Support for string view arguments to url() is deprecated and will be removed in Django 1.10 (got profile). Pass the callable instead.
  t = url(prefix=prefix, *t)

2016-10-20 08:53:48 py.warnings  WARNING  E:\tbkt_hn\tbkt_student\apps\account\urls.py:27: RemovedInDjango110Warning: django.conf.urls.patterns() is deprecated and will be removed in Django 1.10. Update your urlpatterns to be a list of django.conf.urls.url() instances instead.
  (r'^subject/$', 'index'),          #更改个人资料

2016-10-20 08:53:48 py.warnings  WARNING  E:\tbkt_hn\tbkt_student\apps\account\urls.py:34: RemovedInDjango110Warning: django.conf.urls.patterns() is deprecated and will be removed in Django 1.10. Update your urlpatterns to be a list of django.conf.urls.url() instances instead.
  (r"^class/join/(?P<unit_class_id>\d+)/$", "ClassJoin"),                                               # 加入班级

2016-10-20 08:53:48 py.warnings  WARNING  D:\python27\lib\site-packages\django\conf\urls\__init__.py:89: RemovedInDjango110Warning: Support for string view arguments to url() is deprecated and will be removed in Django 1.10 (got improveUser). Pass the callable instead.
  t = url(prefix=prefix, *t)

2016-10-20 08:53:48 py.warnings  WARNING  D:\python27\lib\site-packages\django\conf\urls\__init__.py:89: RemovedInDjango110Warning: Support for string view arguments to url() is deprecated and will be removed in Django 1.10 (got classjoin). Pass the callable instead.
  t = url(prefix=prefix, *t)

2016-10-20 08:53:48 py.warnings  WARNING  D:\python27\lib\site-packages\django\conf\urls\__init__.py:89: RemovedInDjango110Warning: Support for string view arguments to url() is deprecated and will be removed in Django 1.10 (got ClassJoin). Pass the callable instead.
  t = url(prefix=prefix, *t)

2016-10-20 08:53:48 py.warnings  WARNING  E:\tbkt_hn\tbkt_student\apps\account\urls.py:39: RemovedInDjango110Warning: django.conf.urls.patterns() is deprecated and will be removed in Django 1.10. Update your urlpatterns to be a list of django.conf.urls.url() instances instead.
  (r"^open_subject/$", "openSubject"),                                               #开通学科

2016-10-20 08:53:48 py.warnings  WARNING  D:\python27\lib\site-packages\django\conf\urls\__init__.py:89: RemovedInDjango110Warning: Support for string view arguments to url() is deprecated and will be removed in Django 1.10 (got improveUserSubmit). Pass the callable instead.
  t = url(prefix=prefix, *t)

2016-10-20 08:53:48 py.warnings  WARNING  D:\python27\lib\site-packages\django\conf\urls\__init__.py:89: RemovedInDjango110Warning: Support for string view arguments to url() is deprecated and will be removed in Django 1.10 (got updateClass). Pass the callable instead.
  t = url(prefix=prefix, *t)

2016-10-20 08:53:48 py.warnings  WARNING  D:\python27\lib\site-packages\django\conf\urls\__init__.py:89: RemovedInDjango110Warning: Support for string view arguments to url() is deprecated and will be removed in Django 1.10 (got openSubject). Pass the callable instead.
  t = url(prefix=prefix, *t)

2016-10-20 08:53:48 py.warnings  WARNING  E:\tbkt_hn\tbkt_student\apps\common\urls.py:5: RemovedInDjango110Warning: django.conf.urls.patterns() is deprecated and will be removed in Django 1.10. Update your urlpatterns to be a list of django.conf.urls.url() instances instead.
  (r"^video/evaluation/$", "evaluation"),                        # 视频踩赞

2016-10-20 08:53:48 py.warnings  WARNING  D:\python27\lib\site-packages\django\conf\urls\__init__.py:89: RemovedInDjango110Warning: Support for string view arguments to url() is deprecated and will be removed in Django 1.10 (got evaluation). Pass the callable instead.
  t = url(prefix=prefix, *t)

2016-10-20 08:53:48 py.warnings  WARNING  E:\tbkt_hn\tbkt_student\apps\common\urls.py:11: RemovedInDjango110Warning: django.conf.urls.patterns() is deprecated and will be removed in Django 1.10. Update your urlpatterns to be a list of django.conf.urls.url() instances instead.
  (r'^get_unitclass/$', 'get_unitclass'),

2016-10-20 08:53:48 py.warnings  WARNING  D:\python27\lib\site-packages\django\conf\urls\__init__.py:89: RemovedInDjango110Warning: Support for string view arguments to url() is deprecated and will be removed in Django 1.10 (got get_county). Pass the callable instead.
  t = url(prefix=prefix, *t)

2016-10-20 08:53:48 py.warnings  WARNING  D:\python27\lib\site-packages\django\conf\urls\__init__.py:89: RemovedInDjango110Warning: Support for string view arguments to url() is deprecated and will be removed in Django 1.10 (got get_school). Pass the callable instead.
  t = url(prefix=prefix, *t)

2016-10-20 08:53:48 py.warnings  WARNING  D:\python27\lib\site-packages\django\conf\urls\__init__.py:89: RemovedInDjango110Warning: Support for string view arguments to url() is deprecated and will be removed in Django 1.10 (got get_unitclass). Pass the callable instead.
  t = url(prefix=prefix, *t)

2016-10-20 08:53:48 py.warnings  WARNING  E:\tbkt_hn\tbkt_student\apps\common\urls.py:15: RemovedInDjango110Warning: django.conf.urls.patterns() is deprecated and will be removed in Django 1.10. Update your urlpatterns to be a list of django.conf.urls.url() instances instead.
  (r"^getcode/$", "getCode"),   # 获取手机验证码

2016-10-20 08:53:48 py.warnings  WARNING  D:\python27\lib\site-packages\django\conf\urls\__init__.py:89: RemovedInDjango110Warning: Support for string view arguments to url() is deprecated and will be removed in Django 1.10 (got getCode). Pass the callable instead.
  t = url(prefix=prefix, *t)

2016-10-20 08:53:48 py.warnings  WARNING  E:\tbkt_hn\tbkt_student\apps\common\urls.py:18: RemovedInDjango110Warning: django.conf.urls.patterns() is deprecated and will be removed in Django 1.10. Update your urlpatterns to be a list of django.conf.urls.url() instances instead.
  (r"^get_knowledge_method/$", "get_knowledge_method"),                        # 获取数学知识点或方法

2016-10-20 08:53:48 py.warnings  WARNING  D:\python27\lib\site-packages\django\conf\urls\__init__.py:89: RemovedInDjango110Warning: Support for string view arguments to url() is deprecated and will be removed in Django 1.10 (got get_knowledge_method). Pass the callable instead.
  t = url(prefix=prefix, *t)

2016-10-20 08:53:48 py.warnings  WARNING  E:\tbkt_hn\tbkt_student\apps\common\urls.py:23: RemovedInDjango110Warning: django.conf.urls.patterns() is deprecated and will be removed in Django 1.10. Update your urlpatterns to be a list of django.conf.urls.url() instances instead.
  (r"^get_yindao/$", "get_yindao"),                        # 判断是否需要引导

2016-10-20 08:53:48 py.warnings  WARNING  D:\python27\lib\site-packages\django\conf\urls\__init__.py:89: RemovedInDjango110Warning: Support for string view arguments to url() is deprecated and will be removed in Django 1.10 (got get_yindao). Pass the callable instead.
  t = url(prefix=prefix, *t)

2016-10-20 08:53:48 py.warnings  WARNING  E:\tbkt_hn\tbkt_student\apps\common\urls.py:30: RemovedInDjango110Warning: django.conf.urls.patterns() is deprecated and will be removed in Django 1.10. Update your urlpatterns to be a list of django.conf.urls.url() instances instead.
  (r"^pdf_task/view/$", "pdf_task_view"),                        # 下载试卷

2016-10-20 08:53:48 py.warnings  WARNING  D:\python27\lib\site-packages\django\conf\urls\__init__.py:89: RemovedInDjango110Warning: Support for string view arguments to url() is deprecated and will be removed in Django 1.10 (got download). Pass the callable instead.
  t = url(prefix=prefix, *t)

2016-10-20 08:53:48 py.warnings  WARNING  D:\python27\lib\site-packages\django\conf\urls\__init__.py:89: RemovedInDjango110Warning: Support for string view arguments to url() is deprecated and will be removed in Django 1.10 (got create_pdf_task). Pass the callable instead.
  t = url(prefix=prefix, *t)

2016-10-20 08:53:48 py.warnings  WARNING  D:\python27\lib\site-packages\django\conf\urls\__init__.py:89: RemovedInDjango110Warning: Support for string view arguments to url() is deprecated and will be removed in Django 1.10 (got pdf_task_view). Pass the callable instead.
  t = url(prefix=prefix, *t)

2016-10-20 08:53:48 py.warnings  WARNING  E:\tbkt_hn\tbkt_student\apps\common\urls.py:36: RemovedInDjango110Warning: django.conf.urls.patterns() is deprecated and will be removed in Django 1.10. Update your urlpatterns to be a list of django.conf.urls.url() instances instead.
  (r"^get_access_token/$", "get_access_token"),                        # 获取全局缓存

2016-10-20 08:53:48 py.warnings  WARNING  D:\python27\lib\site-packages\django\conf\urls\__init__.py:89: RemovedInDjango110Warning: Support for string view arguments to url() is deprecated and will be removed in Django 1.10 (got get_access_token). Pass the callable instead.
  t = url(prefix=prefix, *t)

2016-10-20 08:53:48 py.warnings  WARNING  E:\tbkt_hn\tbkt_student\apps\level\urls.py:7: RemovedInDjango110Warning: django.conf.urls.patterns() is deprecated and will be removed in Django 1.10. Update your urlpatterns to be a list of django.conf.urls.url() instances instead.
  (r"^get_level/$", "get_level_detail"),                          # 获取记录

2016-10-20 08:53:48 py.warnings  WARNING  D:\python27\lib\site-packages\django\conf\urls\__init__.py:89: RemovedInDjango110Warning: Support for string view arguments to url() is deprecated and will be removed in Django 1.10 (got get_level_detail). Pass the callable instead.
  t = url(prefix=prefix, *t)

2016-10-20 08:53:48 py.warnings  WARNING  E:\tbkt_hn\tbkt_student\apps\think\urls.py:9: RemovedInDjango110Warning: django.conf.urls.patterns() is deprecated and will be removed in Django 1.10. Update your urlpatterns to be a list of django.conf.urls.url() instances instead.
  (r'^result/$', 'result'),                 # 思维训练结果

2016-10-20 08:53:48 py.warnings  WARNING  E:\tbkt_hn\tbkt_student\apps\think\urls.py:14: RemovedInDjango110Warning: django.conf.urls.patterns() is deprecated and will be removed in Django 1.10. Update your urlpatterns to be a list of django.conf.urls.url() instances instead.
  (r'^post/sumbitquestion/$', 'SumbitQuestion'),                 #试题提交

2016-10-20 08:53:48 py.warnings  WARNING  D:\python27\lib\site-packages\django\conf\urls\__init__.py:89: RemovedInDjango110Warning: Support for string view arguments to url() is deprecated and will be removed in Django 1.10 (got UpdateBook). Pass the callable instead.
  t = url(prefix=prefix, *t)

2016-10-20 08:53:48 py.warnings  WARNING  D:\python27\lib\site-packages\django\conf\urls\__init__.py:89: RemovedInDjango110Warning: Support for string view arguments to url() is deprecated and will be removed in Django 1.10 (got SumbitQuestion). Pass the callable instead.
  t = url(prefix=prefix, *t)

2016-10-20 08:53:48 py.warnings  WARNING  E:\tbkt_hn\tbkt_student\apps\kouyu\urls.py:6: RemovedInDjango110Warning: django.conf.urls.patterns() is deprecated and will be removed in Django 1.10. Update your urlpatterns to be a list of django.conf.urls.url() instances instead.
  (r'^$', 'index'),                 # 英语口语活动首页

2016-10-20 08:53:48 py.warnings  WARNING  E:\tbkt_hn\tbkt_student\apps\kouyu\urls.py:13: RemovedInDjango110Warning: django.conf.urls.patterns() is deprecated and will be removed in Django 1.10. Update your urlpatterns to be a list of django.conf.urls.url() instances instead.
  (r'^insert_dummy/$', 'insert_dummy'),

2016-10-20 08:53:48 py.warnings  WARNING  D:\python27\lib\site-packages\django\conf\urls\__init__.py:89: RemovedInDjango110Warning: Support for string view arguments to url() is deprecated and will be removed in Django 1.10 (got get_draw). Pass the callable instead.
  t = url(prefix=prefix, *t)

2016-10-20 08:53:48 py.warnings  WARNING  D:\python27\lib\site-packages\django\conf\urls\__init__.py:89: RemovedInDjango110Warning: Support for string view arguments to url() is deprecated and will be removed in Django 1.10 (got save_open_log). Pass the callable instead.
  t = url(prefix=prefix, *t)

2016-10-20 08:53:48 py.warnings  WARNING  D:\python27\lib\site-packages\django\conf\urls\__init__.py:89: RemovedInDjango110Warning: Support for string view arguments to url() is deprecated and will be removed in Django 1.10 (got insert_dummy). Pass the callable instead.
  t = url(prefix=prefix, *t)

2016-10-20 08:53:48 py.warnings  WARNING  E:\tbkt_hn\tbkt_student\apps\kouyu\urls.py:21: RemovedInDjango110Warning: django.conf.urls.patterns() is deprecated and will be removed in Django 1.10. Update your urlpatterns to be a list of django.conf.urls.url() instances instead.
  (r'^varify_question/$', 'varify_question'),

2016-10-20 08:53:48 py.warnings  WARNING  D:\python27\lib\site-packages\django\conf\urls\__init__.py:89: RemovedInDjango110Warning: Support for string view arguments to url() is deprecated and will be removed in Django 1.10 (got varify_question). Pass the callable instead.
  t = url(prefix=prefix, *t)

2016-10-20 08:53:48 py.warnings  WARNING  E:\tbkt_hn\tbkt_student\apps\susuan\urls.py:11: RemovedInDjango110Warning: django.conf.urls.patterns() is deprecated and will be removed in Django 1.10. Update your urlpatterns to be a list of django.conf.urls.url() instances instead.
  (r'^game/$', 'wap_game'),  # 手机小游戏页面

2016-10-20 08:53:48 py.warnings  WARNING  D:\python27\lib\site-packages\django\conf\urls\__init__.py:89: RemovedInDjango110Warning: Support for string view arguments to url() is deprecated and will be removed in Django 1.10 (got speed_test). Pass the callable instead.
  t = url(prefix=prefix, *t)

2016-10-20 08:53:48 py.warnings  WARNING  D:\python27\lib\site-packages\django\conf\urls\__init__.py:89: RemovedInDjango110Warning: Support for string view arguments to url() is deprecated and will be removed in Django 1.10 (got share_success). Pass the callable instead.
  t = url(prefix=prefix, *t)

2016-10-20 08:53:48 py.warnings  WARNING  D:\python27\lib\site-packages\django\conf\urls\__init__.py:89: RemovedInDjango110Warning: Support for string view arguments to url() is deprecated and will be removed in Django 1.10 (got share_page). Pass the callable instead.
  t = url(prefix=prefix, *t)

2016-10-20 08:53:48 py.warnings  WARNING  D:\python27\lib\site-packages\django\conf\urls\__init__.py:89: RemovedInDjango110Warning: Support for string view arguments to url() is deprecated and will be removed in Django 1.10 (got share_page_count). Pass the callable instead.
  t = url(prefix=prefix, *t)

2016-10-20 08:53:48 py.warnings  WARNING  D:\python27\lib\site-packages\django\conf\urls\__init__.py:89: RemovedInDjango110Warning: Support for string view arguments to url() is deprecated and will be removed in Django 1.10 (got wap_game). Pass the callable instead.
  t = url(prefix=prefix, *t)

2016-10-20 08:53:48 py.warnings  WARNING  E:\tbkt_hn\tbkt_student\apps\susuan\urls.py:17: RemovedInDjango110Warning: django.conf.urls.patterns() is deprecated and will be removed in Django 1.10. Update your urlpatterns to be a list of django.conf.urls.url() instances instead.
  (r'^save_open_log/$', 'save_open_log'),   #保存开通记录

2016-10-20 08:53:48 py.warnings  WARNING  E:\tbkt_hn\tbkt_student\apps\help\urls.py:7: RemovedInDjango110Warning: django.conf.urls.patterns() is deprecated and will be removed in Django 1.10. Update your urlpatterns to be a list of django.conf.urls.url() instances instead.
  (r'^about/$', 'views.about'),  #介绍页面

2016-10-20 08:53:48 py.warnings  WARNING  D:\python27\lib\site-packages\django\conf\urls\__init__.py:89: RemovedInDjango110Warning: Support for string view arguments to url() is deprecated and will be removed in Django 1.10 (got views.description). Pass the callable instead.
  t = url(prefix=prefix, *t)

2016-10-20 08:53:48 py.warnings  WARNING  D:\python27\lib\site-packages\django\conf\urls\__init__.py:89: RemovedInDjango110Warning: Support for string view arguments to url() is deprecated and will be removed in Django 1.10 (got views.about). Pass the callable instead.
  t = url(prefix=prefix, *t)

2016-10-20 08:53:48 py.warnings  WARNING  E:\tbkt_hn\tbkt_student\apps\qimo\urls.py:9: RemovedInDjango110Warning: django.conf.urls.patterns() is deprecated and will be removed in Django 1.10. Update your urlpatterns to be a list of django.conf.urls.url() instances instead.
  (r'^math/result/$', 'result'),   # 数学期末测试结果

2016-10-20 08:53:48 py.warnings  WARNING  D:\python27\lib\site-packages\django\conf\urls\__init__.py:89: RemovedInDjango110Warning: Support for string view arguments to url() is deprecated and will be removed in Django 1.10 (got englishindex). Pass the callable instead.
  t = url(prefix=prefix, *t)

2016-10-20 08:53:48 py.warnings  WARNING  D:\python27\lib\site-packages\django\conf\urls\__init__.py:89: RemovedInDjango110Warning: Support for string view arguments to url() is deprecated and will be removed in Django 1.10 (got mathindex). Pass the callable instead.
  t = url(prefix=prefix, *t)

2016-10-20 08:53:48 py.warnings  WARNING  E:\tbkt_hn\tbkt_student\apps\qimo\urls.py:15: RemovedInDjango110Warning: django.conf.urls.patterns() is deprecated and will be removed in Django 1.10. Update your urlpatterns to be a list of django.conf.urls.url() instances instead.
  (r'^download_math/$', 'downloadQuestion'),                 #英语期末试题下载

2016-10-20 08:53:48 py.warnings  WARNING  D:\python27\lib\site-packages\django\conf\urls\__init__.py:89: RemovedInDjango110Warning: Support for string view arguments to url() is deprecated and will be removed in Django 1.10 (got download_english). Pass the callable instead.
  t = url(prefix=prefix, *t)

2016-10-20 08:53:48 py.warnings  WARNING  E:\tbkt_hn\tbkt_student\apps\summer\urls.py:12: RemovedInDjango110Warning: django.conf.urls.patterns() is deprecated and will be removed in Django 1.10. Update your urlpatterns to be a list of django.conf.urls.url() instances instead.
  (r'^english/import/$', 'p_import'),                 # 英语单词导入单词

2016-10-20 08:53:48 py.warnings  WARNING  D:\python27\lib\site-packages\django\conf\urls\__init__.py:89: RemovedInDjango110Warning: Support for string view arguments to url() is deprecated and will be removed in Django 1.10 (got r_level). Pass the callable instead.
  t = url(prefix=prefix, *t)

2016-10-20 08:53:48 py.warnings  WARNING  D:\python27\lib\site-packages\django\conf\urls\__init__.py:89: RemovedInDjango110Warning: Support for string view arguments to url() is deprecated and will be removed in Django 1.10 (got p_test_words). Pass the callable instead.
  t = url(prefix=prefix, *t)

2016-10-20 08:53:48 py.warnings  WARNING  D:\python27\lib\site-packages\django\conf\urls\__init__.py:89: RemovedInDjango110Warning: Support for string view arguments to url() is deprecated and will be removed in Django 1.10 (got p_import). Pass the callable instead.
  t = url(prefix=prefix, *t)

2016-10-20 08:53:48 py.warnings  WARNING  E:\tbkt_hn\tbkt_student\apps\summer\urls.py:20: RemovedInDjango110Warning: django.conf.urls.patterns() is deprecated and will be removed in Django 1.10. Update your urlpatterns to be a list of django.conf.urls.url() instances instead.
  (r'^math/submit/$', 'math_submit'),                 # 数学提交测试

2016-10-20 08:53:48 py.warnings  WARNING  D:\python27\lib\site-packages\django\conf\urls\__init__.py:89: RemovedInDjango110Warning: Support for string view arguments to url() is deprecated and will be removed in Django 1.10 (got math_index). Pass the callable instead.
  t = url(prefix=prefix, *t)

2016-10-20 08:53:48 py.warnings  WARNING  D:\python27\lib\site-packages\django\conf\urls\__init__.py:89: RemovedInDjango110Warning: Support for string view arguments to url() is deprecated and will be removed in Django 1.10 (got math_list). Pass the callable instead.
  t = url(prefix=prefix, *t)

2016-10-20 08:53:48 py.warnings  WARNING  D:\python27\lib\site-packages\django\conf\urls\__init__.py:89: RemovedInDjango110Warning: Support for string view arguments to url() is deprecated and will be removed in Django 1.10 (got math_test). Pass the callable instead.
  t = url(prefix=prefix, *t)

2016-10-20 08:53:48 py.warnings  WARNING  D:\python27\lib\site-packages\django\conf\urls\__init__.py:89: RemovedInDjango110Warning: Support for string view arguments to url() is deprecated and will be removed in Django 1.10 (got math_result). Pass the callable instead.
  t = url(prefix=prefix, *t)

2016-10-20 08:53:48 py.warnings  WARNING  D:\python27\lib\site-packages\django\conf\urls\__init__.py:89: RemovedInDjango110Warning: Support for string view arguments to url() is deprecated and will be removed in Django 1.10 (got math_submit). Pass the callable instead.
  t = url(prefix=prefix, *t)

2016-10-20 08:53:48 py.warnings  WARNING  E:\tbkt_hn\tbkt_student\apps\summer\urls.py:25: RemovedInDjango110Warning: django.conf.urls.patterns() is deprecated and will be removed in Django 1.10. Update your urlpatterns to be a list of django.conf.urls.url() instances instead.
  (r'^post/exchange/$', 'p_exchange'),                 # 奖品兑换

2016-10-20 08:53:48 py.warnings  WARNING  D:\python27\lib\site-packages\django\conf\urls\__init__.py:89: RemovedInDjango110Warning: Support for string view arguments to url() is deprecated and will be removed in Django 1.10 (got p_deliver_address). Pass the callable instead.
  t = url(prefix=prefix, *t)

2016-10-20 08:53:48 py.warnings  WARNING  D:\python27\lib\site-packages\django\conf\urls\__init__.py:89: RemovedInDjango110Warning: Support for string view arguments to url() is deprecated and will be removed in Django 1.10 (got p_exchange). Pass the callable instead.
  t = url(prefix=prefix, *t)

2016-10-20 08:53:48 py.warnings  WARNING  E:\tbkt_hn\tbkt_student\apps\holiday\urls.py:7: RemovedInDjango110Warning: django.conf.urls.patterns() is deprecated and will be removed in Django 1.10. Update your urlpatterns to be a list of django.conf.urls.url() instances instead.
  (r'^catalogknowledge/$', 'CatalogKnowledge'),                 #暑假预课班知识学习

2016-10-20 08:53:48 py.warnings  WARNING  D:\python27\lib\site-packages\django\conf\urls\__init__.py:89: RemovedInDjango110Warning: Support for string view arguments to url() is deprecated and will be removed in Django 1.10 (got CatalogKnowledge). Pass the callable instead.
  t = url(prefix=prefix, *t)

2016-10-20 08:53:48 py.warnings  WARNING  E:\tbkt_hn\tbkt_student\apps\holiday\urls.py:16: RemovedInDjango110Warning: django.conf.urls.patterns() is deprecated and will be removed in Django 1.10. Update your urlpatterns to be a list of django.conf.urls.url() instances instead.
  (r'^post/get_user_status/$', 'get_user_status'),                 #看完视频完成测试

2016-10-20 08:53:48 py.warnings  WARNING  D:\python27\lib\site-packages\django\conf\urls\__init__.py:89: RemovedInDjango110Warning: Support for string view arguments to url() is deprecated and will be removed in Django 1.10 (got GetBook). Pass the callable instead.
  t = url(prefix=prefix, *t)

2016-10-20 08:53:48 py.warnings  WARNING  D:\python27\lib\site-packages\django\conf\urls\__init__.py:89: RemovedInDjango110Warning: Support for string view arguments to url() is deprecated and will be removed in Django 1.10 (got SumbitVideo). Pass the callable instead.
  t = url(prefix=prefix, *t)

2016-10-20 08:53:48 py.warnings  WARNING  D:\python27\lib\site-packages\django\conf\urls\__init__.py:89: RemovedInDjango110Warning: Support for string view arguments to url() is deprecated and will be removed in Django 1.10 (got GetQuestion). Pass the callable instead.
  t = url(prefix=prefix, *t)

2016-10-20 08:53:48 py.warnings  WARNING  D:\python27\lib\site-packages\django\conf\urls\__init__.py:89: RemovedInDjango110Warning: Support for string view arguments to url() is deprecated and will be removed in Django 1.10 (got get_user_status). Pass the callable instead.
  t = url(prefix=prefix, *t)

2016-10-20 08:53:48 py.warnings  WARNING  E:\tbkt_hn\tbkt_student\apps\classupgrade\urls.py:8: RemovedInDjango110Warning: django.conf.urls.patterns() is deprecated and will be removed in Django 1.10. Update your urlpatterns to be a list of django.conf.urls.url() instances instead.
  (r"^doupgrade/$", "do_upgrade"), #确认升级

2016-10-20 08:53:48 py.warnings  WARNING  D:\python27\lib\site-packages\django\conf\urls\__init__.py:89: RemovedInDjango110Warning: Support for string view arguments to url() is deprecated and will be removed in Django 1.10 (got do_upgrade). Pass the callable instead.
  t = url(prefix=prefix, *t)

2016-10-20 08:53:48 py.warnings  WARNING  E:\tbkt_hn\tbkt_student\apps\classupgrade\urls.py:15: RemovedInDjango110Warning: django.conf.urls.patterns() is deprecated and will be removed in Django 1.10. Update your urlpatterns to be a list of django.conf.urls.url() instances instead.
  (r'^apply/submit/$', "p_submit"),

2016-10-20 08:53:48 py.warnings  WARNING  E:\tbkt_hn\tbkt_student\apps\messagepush\urls.py:8: RemovedInDjango110Warning: django.conf.urls.patterns() is deprecated and will be removed in Django 1.10. Update your urlpatterns to be a list of django.conf.urls.url() instances instead.
  (r"^list/video_detail/$", "video_detail"),         # 教学进度视频 详情

2016-10-20 08:53:48 py.warnings  WARNING  D:\python27\lib\site-packages\django\conf\urls\__init__.py:89: RemovedInDjango110Warning: Support for string view arguments to url() is deprecated and will be removed in Django 1.10 (got list). Pass the callable instead.
  t = url(prefix=prefix, *t)

2016-10-20 08:53:48 py.warnings  WARNING  D:\python27\lib\site-packages\django\conf\urls\__init__.py:89: RemovedInDjango110Warning: Support for string view arguments to url() is deprecated and will be removed in Django 1.10 (got video). Pass the callable instead.
  t = url(prefix=prefix, *t)

2016-10-20 08:53:48 py.warnings  WARNING  D:\python27\lib\site-packages\django\conf\urls\__init__.py:89: RemovedInDjango110Warning: Support for string view arguments to url() is deprecated and will be removed in Django 1.10 (got video_detail). Pass the callable instead.
  t = url(prefix=prefix, *t)

2016-10-20 08:53:48 py.warnings  WARNING  E:\tbkt_hn\tbkt_student\apps\messagepush\urls.py:13: RemovedInDjango110Warning: django.conf.urls.patterns() is deprecated and will be removed in Django 1.10. Update your urlpatterns to be a list of django.conf.urls.url() instances instead.
  (r"^post/message_status/$", "change_message_status"),   # 用户消息未读更改为已读

2016-10-20 08:53:48 py.warnings  WARNING  D:\python27\lib\site-packages\django\conf\urls\__init__.py:89: RemovedInDjango110Warning: Support for string view arguments to url() is deprecated and will be removed in Django 1.10 (got get_num). Pass the callable instead.
  t = url(prefix=prefix, *t)

2016-10-20 08:53:48 py.warnings  WARNING  D:\python27\lib\site-packages\django\conf\urls\__init__.py:89: RemovedInDjango110Warning: Support for string view arguments to url() is deprecated and will be removed in Django 1.10 (got change_message_status). Pass the callable instead.
  t = url(prefix=prefix, *t)

2016-10-20 08:53:48 py.warnings  WARNING  E:\tbkt_hn\tbkt_student\apps\active\wordtest\urls.py:13: RemovedInDjango110Warning: django.conf.urls.patterns() is deprecated and will be removed in Django 1.10. Update your urlpatterns to be a list of django.conf.urls.url() instances instead.
  (r'^result/$', 'result'),  #  单词测试前页面

2016-10-20 08:53:48 py.warnings  WARNING  D:\python27\lib\site-packages\django\conf\urls\__init__.py:89: RemovedInDjango110Warning: Support for string view arguments to url() is deprecated and will be removed in Django 1.10 (got index1). Pass the callable instead.
  t = url(prefix=prefix, *t)

2016-10-20 08:53:48 py.warnings  WARNING  D:\python27\lib\site-packages\django\conf\urls\__init__.py:89: RemovedInDjango110Warning: Support for string view arguments to url() is deprecated and will be removed in Django 1.10 (got score_rank). Pass the callable instead.
  t = url(prefix=prefix, *t)

2016-10-20 08:53:48 py.warnings  WARNING  D:\python27\lib\site-packages\django\conf\urls\__init__.py:89: RemovedInDjango110Warning: Support for string view arguments to url() is deprecated and will be removed in Django 1.10 (got draw_rank). Pass the callable instead.
  t = url(prefix=prefix, *t)

2016-10-20 08:53:48 py.warnings  WARNING  D:\python27\lib\site-packages\django\conf\urls\__init__.py:89: RemovedInDjango110Warning: Support for string view arguments to url() is deprecated and will be removed in Django 1.10 (got user_detail). Pass the callable instead.
  t = url(prefix=prefix, *t)

2016-10-20 08:53:48 py.warnings  WARNING  D:\python27\lib\site-packages\django\conf\urls\__init__.py:89: RemovedInDjango110Warning: Support for string view arguments to url() is deprecated and will be removed in Django 1.10 (got level_list). Pass the callable instead.
  t = url(prefix=prefix, *t)

2016-10-20 08:53:48 py.warnings  WARNING  E:\tbkt_hn\tbkt_student\apps\active\wordtest\urls.py:30: RemovedInDjango110Warning: django.conf.urls.patterns() is deprecated and will be removed in Django 1.10. Update your urlpatterns to be a list of django.conf.urls.url() instances instead.
  (r'^random_socre/$', 'random_socre'),       # 抽积分

2016-10-20 08:53:48 py.warnings  WARNING  D:\python27\lib\site-packages\django\conf\urls\__init__.py:89: RemovedInDjango110Warning: Support for string view arguments to url() is deprecated and will be removed in Django 1.10 (got share). Pass the callable instead.
  t = url(prefix=prefix, *t)

2016-10-20 08:53:48 py.warnings  WARNING  D:\python27\lib\site-packages\django\conf\urls\__init__.py:89: RemovedInDjango110Warning: Support for string view arguments to url() is deprecated and will be removed in Django 1.10 (got sign_in). Pass the callable instead.
  t = url(prefix=prefix, *t)

2016-10-20 08:53:48 py.warnings  WARNING  D:\python27\lib\site-packages\django\conf\urls\__init__.py:89: RemovedInDjango110Warning: Support for string view arguments to url() is deprecated and will be removed in Django 1.10 (got draw). Pass the callable instead.
  t = url(prefix=prefix, *t)

2016-10-20 08:53:48 py.warnings  WARNING  D:\python27\lib\site-packages\django\conf\urls\__init__.py:89: RemovedInDjango110Warning: Support for string view arguments to url() is deprecated and will be removed in Django 1.10 (got open_subject). Pass the callable instead.
  t = url(prefix=prefix, *t)

2016-10-20 08:53:48 py.warnings  WARNING  D:\python27\lib\site-packages\django\conf\urls\__init__.py:89: RemovedInDjango110Warning: Support for string view arguments to url() is deprecated and will be removed in Django 1.10 (got get_more_draw). Pass the callable instead.
  t = url(prefix=prefix, *t)

2016-10-20 08:53:48 py.warnings  WARNING  D:\python27\lib\site-packages\django\conf\urls\__init__.py:89: RemovedInDjango110Warning: Support for string view arguments to url() is deprecated and will be removed in Django 1.10 (got set_book). Pass the callable instead.
  t = url(prefix=prefix, *t)

2016-10-20 08:53:48 py.warnings  WARNING  D:\python27\lib\site-packages\django\conf\urls\__init__.py:89: RemovedInDjango110Warning: Support for string view arguments to url() is deprecated and will be removed in Django 1.10 (got random_socre). Pass the callable instead.
  t = url(prefix=prefix, *t)

2016-10-20 08:53:48 py.warnings  WARNING  E:\tbkt_hn\tbkt_student\apps\active\redpacket\urls.py:14: RemovedInDjango110Warning: django.conf.urls.patterns() is deprecated and will be removed in Django 1.10. Update your urlpatterns to be a list of django.conf.urls.url() instances instead.
  (r'^setbook/$', 'setbook'),    # 手机端设置教材页面

2016-10-20 08:53:48 py.warnings  WARNING  D:\python27\lib\site-packages\django\conf\urls\__init__.py:89: RemovedInDjango110Warning: Support for string view arguments to url() is deprecated and will be removed in Django 1.10 (got sx_catalog). Pass the callable instead.
  t = url(prefix=prefix, *t)

2016-10-20 08:53:48 py.warnings  WARNING  D:\python27\lib\site-packages\django\conf\urls\__init__.py:89: RemovedInDjango110Warning: Support for string view arguments to url() is deprecated and will be removed in Django 1.10 (got sx_video). Pass the callable instead.
  t = url(prefix=prefix, *t)

2016-10-20 08:53:48 py.warnings  WARNING  D:\python27\lib\site-packages\django\conf\urls\__init__.py:89: RemovedInDjango110Warning: Support for string view arguments to url() is deprecated and will be removed in Django 1.10 (got sx_test). Pass the callable instead.
  t = url(prefix=prefix, *t)

2016-10-20 08:53:48 py.warnings  WARNING  D:\python27\lib\site-packages\django\conf\urls\__init__.py:89: RemovedInDjango110Warning: Support for string view arguments to url() is deprecated and will be removed in Django 1.10 (got sx_result). Pass the callable instead.
  t = url(prefix=prefix, *t)

2016-10-20 08:53:48 py.warnings  WARNING  D:\python27\lib\site-packages\django\conf\urls\__init__.py:89: RemovedInDjango110Warning: Support for string view arguments to url() is deprecated and will be removed in Django 1.10 (got setbook). Pass the callable instead.
  t = url(prefix=prefix, *t)

2016-10-20 08:53:48 py.warnings  WARNING  E:\tbkt_hn\tbkt_student\apps\active\redpacket\urls.py:21: RemovedInDjango110Warning: django.conf.urls.patterns() is deprecated and will be removed in Django 1.10. Update your urlpatterns to be a list of django.conf.urls.url() instances instead.
  (r'^yy_result/$', 'yy_result'),         # 英语做题前页面

2016-10-20 08:53:48 py.warnings  WARNING  D:\python27\lib\site-packages\django\conf\urls\__init__.py:89: RemovedInDjango110Warning: Support for string view arguments to url() is deprecated and will be removed in Django 1.10 (got yy_catalog). Pass the callable instead.
  t = url(prefix=prefix, *t)

2016-10-20 08:53:48 py.warnings  WARNING  D:\python27\lib\site-packages\django\conf\urls\__init__.py:89: RemovedInDjango110Warning: Support for string view arguments to url() is deprecated and will be removed in Django 1.10 (got yy_test). Pass the callable instead.
  t = url(prefix=prefix, *t)

2016-10-20 08:53:48 py.warnings  WARNING  D:\python27\lib\site-packages\django\conf\urls\__init__.py:89: RemovedInDjango110Warning: Support for string view arguments to url() is deprecated and will be removed in Django 1.10 (got yy_result). Pass the callable instead.
  t = url(prefix=prefix, *t)

2016-10-20 08:53:48 py.warnings  WARNING  E:\tbkt_hn\tbkt_student\apps\active\redpacket\urls.py:36: RemovedInDjango110Warning: django.conf.urls.patterns() is deprecated and will be removed in Django 1.10. Update your urlpatterns to be a list of django.conf.urls.url() instances instead.
  (r'^sync_book/$', 'sync_book'),       # 同步学生教材

2016-10-20 08:53:48 py.warnings  WARNING  D:\python27\lib\site-packages\django\conf\urls\__init__.py:89: RemovedInDjango110Warning: Support for string view arguments to url() is deprecated and will be removed in Django 1.10 (got red_packet). Pass the callable instead.
  t = url(prefix=prefix, *t)

2016-10-20 08:53:48 py.warnings  WARNING  D:\python27\lib\site-packages\django\conf\urls\__init__.py:89: RemovedInDjango110Warning: Support for string view arguments to url() is deprecated and will be removed in Django 1.10 (got sx_submit). Pass the callable instead.
  t = url(prefix=prefix, *t)

2016-10-20 08:53:48 py.warnings  WARNING  D:\python27\lib\site-packages\django\conf\urls\__init__.py:89: RemovedInDjango110Warning: Support for string view arguments to url() is deprecated and will be removed in Django 1.10 (got yy_submit). Pass the callable instead.
  t = url(prefix=prefix, *t)

2016-10-20 08:53:48 py.warnings  WARNING  D:\python27\lib\site-packages\django\conf\urls\__init__.py:89: RemovedInDjango110Warning: Support for string view arguments to url() is deprecated and will be removed in Django 1.10 (got sync_book). Pass the callable instead.
  t = url(prefix=prefix, *t)

2016-10-20 08:53:48 py.warnings  WARNING  E:\tbkt_hn\tbkt_student\apps\active\midterm_test\urls.py:10: RemovedInDjango110Warning: django.conf.urls.patterns() is deprecated and will be removed in Django 1.10. Update your urlpatterns to be a list of django.conf.urls.url() instances instead.
  (r"^personaized/result/$", "personaized_result"),  # 个性化学习结果页面

2016-10-20 08:53:48 py.warnings  WARNING  D:\python27\lib\site-packages\django\conf\urls\__init__.py:89: RemovedInDjango110Warning: Support for string view arguments to url() is deprecated and will be removed in Django 1.10 (got paper_list). Pass the callable instead.
  t = url(prefix=prefix, *t)

2016-10-20 08:53:48 py.warnings  WARNING  E:\tbkt_hn\tbkt_student\apps\active\midterm_test\urls.py:15: RemovedInDjango110Warning: django.conf.urls.patterns() is deprecated and will be removed in Django 1.10. Update your urlpatterns to be a list of django.conf.urls.url() instances instead.
  (r"^test/sumbit/$", "sumbit"),              # 提交试题

2016-10-20 08:53:48 py.warnings  WARNING  E:\tbkt_hn\tbkt_student\apps\active\urls.py:7: RemovedInDjango110Warning: django.conf.urls.patterns() is deprecated and will be removed in Django 1.10. Update your urlpatterns to be a list of django.conf.urls.url() instances instead.
  (r'middletest/', include('apps.active.midterm_test.urls')),  # 备战期中考试活动

2016-10-20 08:53:48 py.warnings  WARNING  E:\tbkt_hn\tbkt_student\apps\tiyan\urls.py:7: RemovedInDjango110Warning: django.conf.urls.patterns() is deprecated and will be removed in Django 1.10. Update your urlpatterns to be a list of django.conf.urls.url() instances instead.
  (r'tiyan(?P<type>\d+)/(?P<html>.*)$', 'views.description'),  #介绍页面

2016-10-20 08:53:48 py.warnings  WARNING  D:\python27\lib\site-packages\django\conf\urls\__init__.py:89: RemovedInDjango110Warning: Support for string view arguments to url() is deprecated and will be removed in Django 1.10 (got views.tiyan). Pass the callable instead.
  t = url(prefix=prefix, *t)

2016-10-20 08:53:48 py.warnings  WARNING  E:\tbkt_hn\tbkt_student\apps\tiyan\urls.py:11: RemovedInDjango110Warning: django.conf.urls.patterns() is deprecated and will be removed in Django 1.10. Update your urlpatterns to be a list of django.conf.urls.url() instances instead.
  (r'^/$', 'apps.view.tiyan'),        # 体验页面

2016-10-20 08:53:48 py.warnings  WARNING  D:\python27\lib\site-packages\django\conf\urls\__init__.py:89: RemovedInDjango110Warning: Support for string view arguments to url() is deprecated and will be removed in Django 1.10 (got apps.view.tiyan). Pass the callable instead.
  t = url(prefix=prefix, *t)

2016-10-20 08:53:48 py.warnings  WARNING  E:\tbkt_hn\tbkt_student\apps\shared\urls.py:7: RemovedInDjango110Warning: django.conf.urls.patterns() is deprecated and will be removed in Django 1.10. Update your urlpatterns to be a list of django.conf.urls.url() instances instead.
  (r'^preview/$', 'r_preview'),     # 资源预览链接

2016-10-20 08:53:48 py.warnings  WARNING  D:\python27\lib\site-packages\django\conf\urls\__init__.py:89: RemovedInDjango110Warning: Support for string view arguments to url() is deprecated and will be removed in Django 1.10 (got r_preview). Pass the callable instead.
  t = url(prefix=prefix, *t)

2016-10-20 08:53:48 py.warnings  WARNING  E:\tbkt_hn\tbkt_student\apps\weblog\urls.py:6: RemovedInDjango110Warning: django.conf.urls.patterns() is deprecated and will be removed in Django 1.10. Update your urlpatterns to be a list of django.conf.urls.url() instances instead.
  (r"^$", "log_list"),                        # 日志

2016-10-20 08:53:48 py.warnings  WARNING  D:\python27\lib\site-packages\django\conf\urls\__init__.py:89: RemovedInDjango110Warning: Support for string view arguments to url() is deprecated and will be removed in Django 1.10 (got log_list). Pass the callable instead.
  t = url(prefix=prefix, *t)

2016-10-20 08:53:48 py.warnings  WARNING  E:\tbkt_hn\tbkt_student\apps\test\urls.py:5: RemovedInDjango110Warning: django.conf.urls.patterns() is deprecated and will be removed in Django 1.10. Update your urlpatterns to be a list of django.conf.urls.url() instances instead.
  (r'^$', 'r_index'),

2016-10-20 08:53:48 py.warnings  WARNING  E:\tbkt_hn\tbkt_student\apps\urls.py:31: RemovedInDjango110Warning: django.conf.urls.patterns() is deprecated and will be removed in Django 1.10. Update your urlpatterns to be a list of django.conf.urls.url() instances instead.
  (r'^test/', include('apps.test.urls')),    # 自动测试

2016-10-20 08:53:48 py.warnings  WARNING  E:\tbkt_hn\tbkt_student\apps\urls.py:43: RemovedInDjango110Warning: django.conf.urls.patterns() is deprecated and will be removed in Django 1.10. Update your urlpatterns to be a list of django.conf.urls.url() instances instead.
  (r'^mobile/getSubAppinfo/$', 'apps.sso_login.login.getSubAppinfo'),  # 省平台可以通过此接口,获取对应应用下的产品列表信息

2016-10-20 08:53:48 py.warnings  WARNING  D:\python27\lib\site-packages\django\conf\urls\__init__.py:89: RemovedInDjango110Warning: Support for string view arguments to url() is deprecated and will be removed in Django 1.10 (got apps.view.index_v2). Pass the callable instead.
  t = url(prefix=prefix, *t)

2016-10-20 08:53:48 py.warnings  WARNING  D:\python27\lib\site-packages\django\conf\urls\__init__.py:89: RemovedInDjango110Warning: Support for string view arguments to url() is deprecated and will be removed in Django 1.10 (got apps.sso_login.login.login). Pass the callable instead.
  t = url(prefix=prefix, *t)

2016-10-20 08:53:48 py.warnings  WARNING  D:\python27\lib\site-packages\django\conf\urls\__init__.py:89: RemovedInDjango110Warning: Support for string view arguments to url() is deprecated and will be removed in Django 1.10 (got apps.sso_login.login.login_yd). Pass the callable instead.
  t = url(prefix=prefix, *t)

2016-10-20 08:53:48 py.warnings  WARNING  D:\python27\lib\site-packages\django\conf\urls\__init__.py:89: RemovedInDjango110Warning: Support for string view arguments to url() is deprecated and will be removed in Django 1.10 (got apps.sso_login.login.yd_login). Pass the callable instead.
  t = url(prefix=prefix, *t)

2016-10-20 08:53:48 py.warnings  WARNING  D:\python27\lib\site-packages\django\conf\urls\__init__.py:89: RemovedInDjango110Warning: Support for string view arguments to url() is deprecated and will be removed in Django 1.10 (got apps.sso_login.login.yd_login1). Pass the callable instead.
  t = url(prefix=prefix, *t)

2016-10-20 08:53:48 py.warnings  WARNING  D:\python27\lib\site-packages\django\conf\urls\__init__.py:89: RemovedInDjango110Warning: Support for string view arguments to url() is deprecated and will be removed in Django 1.10 (got apps.sso_login.wap.ydxuanchuan). Pass the callable instead.
  t = url(prefix=prefix, *t)

2016-10-20 08:53:48 py.warnings  WARNING  D:\python27\lib\site-packages\django\conf\urls\__init__.py:89: RemovedInDjango110Warning: Support for string view arguments to url() is deprecated and will be removed in Django 1.10 (got apps.sso_login.login.register). Pass the callable instead.
  t = url(prefix=prefix, *t)

2016-10-20 08:53:48 py.warnings  WARNING  D:\python27\lib\site-packages\django\conf\urls\__init__.py:89: RemovedInDjango110Warning: Support for string view arguments to url() is deprecated and will be removed in Django 1.10 (got apps.view.add_error_feedback). Pass the callable instead.
  t = url(prefix=prefix, *t)

2016-10-20 08:53:48 py.warnings  WARNING  D:\python27\lib\site-packages\django\conf\urls\__init__.py:89: RemovedInDjango110Warning: Support for string view arguments to url() is deprecated and will be removed in Django 1.10 (got apps.sso_login.login.getSubAppinfo). Pass the callable instead.
  t = url(prefix=prefix, *t)

2016-10-20 08:53:48 py.warnings  WARNING  E:\tbkt_hn\tbkt_student\apps\xheditor\urls.py:9: RemovedInDjango110Warning: django.conf.urls.patterns() is deprecated and will be removed in Django 1.10. Update your urlpatterns to be a list of django.conf.urls.url() instances instead.
  (r'^swf_attachment_img/$', 'xheditor_swf_attachment_img'),  # 上传图片附件

2016-10-20 08:53:48 py.warnings  WARNING  D:\python27\lib\site-packages\django\conf\urls\__init__.py:89: RemovedInDjango110Warning: Support for string view arguments to url() is deprecated and will be removed in Django 1.10 (got xheditor_swf_up_img). Pass the callable instead.
  t = url(prefix=prefix, *t)

2016-10-20 08:53:48 py.warnings  WARNING  D:\python27\lib\site-packages\django\conf\urls\__init__.py:89: RemovedInDjango110Warning: Support for string view arguments to url() is deprecated and will be removed in Django 1.10 (got xheditor_save_up_img). Pass the callable instead.
  t = url(prefix=prefix, *t)

2016-10-20 08:53:48 py.warnings  WARNING  D:\python27\lib\site-packages\django\conf\urls\__init__.py:89: RemovedInDjango110Warning: Support for string view arguments to url() is deprecated and will be removed in Django 1.10 (got xheditor_photo_list). Pass the callable instead.
  t = url(prefix=prefix, *t)

2016-10-20 08:53:48 py.warnings  WARNING  D:\python27\lib\site-packages\django\conf\urls\__init__.py:89: RemovedInDjango110Warning: Support for string view arguments to url() is deprecated and will be removed in Django 1.10 (got xheditor_swf_attachment_img). Pass the callable instead.
  t = url(prefix=prefix, *t)

2016-10-20 08:53:48 py.warnings  WARNING  E:\tbkt_hn\tbkt_student\apps\sso\urls.py:8: RemovedInDjango110Warning: django.conf.urls.patterns() is deprecated and will be removed in Django 1.10. Update your urlpatterns to be a list of django.conf.urls.url() instances instead.
  (r'^logout/$','logout'),                      #单点退出

2016-10-20 08:53:48 py.warnings  WARNING  D:\python27\lib\site-packages\django\conf\urls\__init__.py:89: RemovedInDjango110Warning: Support for string view arguments to url() is deprecated and will be removed in Django 1.10 (got login). Pass the callable instead.
  t = url(prefix=prefix, *t)

2016-10-20 08:53:48 py.warnings  WARNING  D:\python27\lib\site-packages\django\conf\urls\__init__.py:89: RemovedInDjango110Warning: Support for string view arguments to url() is deprecated and will be removed in Django 1.10 (got logout). Pass the callable instead.
  t = url(prefix=prefix, *t)

2016-10-20 08:53:48 py.warnings  WARNING  E:\tbkt_hn\tbkt_student\apps\passport\urls.py:7: RemovedInDjango110Warning: django.conf.urls.patterns() is deprecated and will be removed in Django 1.10. Update your urlpatterns to be a list of django.conf.urls.url() instances instead.
  (r"^get_user_by_phone_code/$", "getUserByPhoneCode"),                        # 验证

2016-10-20 08:53:48 py.warnings  WARNING  D:\python27\lib\site-packages\django\conf\urls\__init__.py:89: RemovedInDjango110Warning: Support for string view arguments to url() is deprecated and will be removed in Django 1.10 (got loginServer). Pass the callable instead.
  t = url(prefix=prefix, *t)

2016-10-20 08:53:48 py.warnings  WARNING  D:\python27\lib\site-packages\django\conf\urls\__init__.py:89: RemovedInDjango110Warning: Support for string view arguments to url() is deprecated and will be removed in Django 1.10 (got logoutServer). Pass the callable instead.
  t = url(prefix=prefix, *t)

2016-10-20 08:53:48 py.warnings  WARNING  D:\python27\lib\site-packages\django\conf\urls\__init__.py:89: RemovedInDjango110Warning: Support for string view arguments to url() is deprecated and will be removed in Django 1.10 (got getUserByPhoneCode). Pass the callable instead.
  t = url(prefix=prefix, *t)

2016-10-20 08:53:48 py.warnings  WARNING  E:\tbkt_hn\tbkt_student\apps\register\urls.py:7: RemovedInDjango110Warning: django.conf.urls.patterns() is deprecated and will be removed in Django 1.10. Update your urlpatterns to be a list of django.conf.urls.url() instances instead.
  (r'^reg_ok/$', 'reg_ok'),  #注册成功

2016-10-20 08:53:48 py.warnings  WARNING  D:\python27\lib\site-packages\django\conf\urls\__init__.py:89: RemovedInDjango110Warning: Support for string view arguments to url() is deprecated and will be removed in Django 1.10 (got reg_ok). Pass the callable instead.
  t = url(prefix=prefix, *t)

2016-10-20 08:53:48 py.warnings  WARNING  E:\tbkt_hn\tbkt_student\apps\register\urls.py:17: RemovedInDjango110Warning: django.conf.urls.patterns() is deprecated and will be removed in Django 1.10. Update your urlpatterns to be a list of django.conf.urls.url() instances instead.
  (r'^open/$', 'p_open'),         #二次短信开通

2016-10-20 08:53:48 py.warnings  WARNING  D:\python27\lib\site-packages\django\conf\urls\__init__.py:89: RemovedInDjango110Warning: Support for string view arguments to url() is deprecated and will be removed in Django 1.10 (got isPhone). Pass the callable instead.
  t = url(prefix=prefix, *t)

2016-10-20 08:53:48 py.warnings  WARNING  D:\python27\lib\site-packages\django\conf\urls\__init__.py:89: RemovedInDjango110Warning: Support for string view arguments to url() is deprecated and will be removed in Django 1.10 (got phone_exists). Pass the callable instead.
  t = url(prefix=prefix, *t)

2016-10-20 08:53:48 py.warnings  WARNING  D:\python27\lib\site-packages\django\conf\urls\__init__.py:89: RemovedInDjango110Warning: Support for string view arguments to url() is deprecated and will be removed in Django 1.10 (got isUsername). Pass the callable instead.
  t = url(prefix=prefix, *t)

2016-10-20 08:53:48 py.warnings  WARNING  D:\python27\lib\site-packages\django\conf\urls\__init__.py:89: RemovedInDjango110Warning: Support for string view arguments to url() is deprecated and will be removed in Django 1.10 (got get_username). Pass the callable instead.
  t = url(prefix=prefix, *t)

2016-10-20 08:53:48 py.warnings  WARNING  D:\python27\lib\site-packages\django\conf\urls\__init__.py:89: RemovedInDjango110Warning: Support for string view arguments to url() is deprecated and will be removed in Django 1.10 (got download_file). Pass the callable instead.
  t = url(prefix=prefix, *t)

2016-10-20 08:53:48 py.warnings  WARNING  D:\python27\lib\site-packages\django\conf\urls\__init__.py:89: RemovedInDjango110Warning: Support for string view arguments to url() is deprecated and will be removed in Django 1.10 (got p_open). Pass the callable instead.
  t = url(prefix=prefix, *t)

2016-10-20 08:53:48 py.warnings  WARNING  E:\tbkt_hn\tbkt_student\apps\register\urls.py:24: RemovedInDjango110Warning: django.conf.urls.patterns() is deprecated and will be removed in Django 1.10. Update your urlpatterns to be a list of django.conf.urls.url() instances instead.
  (r'^phone_code/$', 'phone_code'),                                         #重置密码

2016-10-20 08:53:48 py.warnings  WARNING  D:\python27\lib\site-packages\django\conf\urls\__init__.py:89: RemovedInDjango110Warning: Support for string view arguments to url() is deprecated and will be removed in Django 1.10 (got forget_pwd_by_phone). Pass the callable instead.
  t = url(prefix=prefix, *t)

2016-10-20 08:53:48 py.warnings  WARNING  D:\python27\lib\site-packages\django\conf\urls\__init__.py:89: RemovedInDjango110Warning: Support for string view arguments to url() is deprecated and will be removed in Django 1.10 (got phone_code). Pass the callable instead.
  t = url(prefix=prefix, *t)

2016-10-20 08:53:48 py.warnings  WARNING  E:\tbkt_hn\tbkt_student\apps\register\url_new.py:6: RemovedInDjango110Warning: django.conf.urls.patterns() is deprecated and will be removed in Django 1.10. Update your urlpatterns to be a list of django.conf.urls.url() instances instead.
  ("^post/n_reg/$", "register_post"),  # 新注册首页

2016-10-20 08:53:48 py.warnings  WARNING  D:\python27\lib\site-packages\django\conf\urls\__init__.py:89: RemovedInDjango110Warning: Support for string view arguments to url() is deprecated and will be removed in Django 1.10 (got index_register). Pass the callable instead.
  t = url(prefix=prefix, *t)

2016-10-20 08:53:48 py.warnings  WARNING  D:\python27\lib\site-packages\django\conf\urls\__init__.py:89: RemovedInDjango110Warning: Support for string view arguments to url() is deprecated and will be removed in Django 1.10 (got register_post). Pass the callable instead.
  t = url(prefix=prefix, *t)

2016-10-20 08:53:48 py.warnings  WARNING  E:\tbkt_hn\tbkt_student\apps\urls.py:55: RemovedInDjango110Warning: django.conf.urls.patterns() is deprecated and will be removed in Django 1.10. Update your urlpatterns to be a list of django.conf.urls.url() instances instead.
  (r'^register/', include('apps.register.url_new')),        # 使用帮助相关url

2016-10-20 08:53:48 py.warnings  WARNING  D:\python27\lib\site-packages\django\conf\urls\__init__.py:89: RemovedInDjango110Warning: Support for string view arguments to url() is deprecated and will be removed in Django 1.10 (got apps.help.views.html_index). Pass the callable instead.
  t = url(prefix=prefix, *t)

2016-10-20 08:53:48 py.warnings  WARNING  E:\tbkt_hn\tbkt_student\apps\urls.py:60: RemovedInDjango110Warning: django.conf.urls.patterns() is deprecated and will be removed in Django 1.10. Update your urlpatterns to be a list of django.conf.urls.url() instances instead.
  (r'^user_login/$', user_login),  # 第三方登录

2016-10-20 08:53:48 py.warnings  WARNING  E:\tbkt_hn\tbkt_student\apps\urls.py:65: RemovedInDjango110Warning: django.conf.urls.patterns() is deprecated and will be removed in Django 1.10. Update your urlpatterns to be a list of django.conf.urls.url() instances instead.
  (r'^common/getcode/$', 'libs.utils.check_code.make_check_code_image'),        # 获取验证码

2016-10-20 08:53:48 py.warnings  WARNING  D:\python27\lib\site-packages\django\conf\urls\__init__.py:89: RemovedInDjango110Warning: Support for string view arguments to url() is deprecated and will be removed in Django 1.10 (got apps.passport.login.index). Pass the callable instead.
  t = url(prefix=prefix, *t)

2016-10-20 08:53:48 py.warnings  WARNING  D:\python27\lib\site-packages\django\conf\urls\__init__.py:89: RemovedInDjango110Warning: Support for string view arguments to url() is deprecated and will be removed in Django 1.10 (got libs.utils.check_code.make_check_code_image). Pass the callable instead.
  t = url(prefix=prefix, *t)

2016-10-20 08:53:48 py.warnings  WARNING  E:\tbkt_hn\tbkt_student\tbkt\urls.py:20: RemovedInDjango110Warning: django.conf.urls.patterns() is deprecated and will be removed in Django 1.10. Update your urlpatterns to be a list of django.conf.urls.url() instances instead.
  (r'^index/$', 'apps.view.index'),      # 导入应用URLS

2016-10-20 08:53:48 py.warnings  WARNING  D:\python27\lib\site-packages\django\conf\urls\__init__.py:89: RemovedInDjango110Warning: Support for string view arguments to url() is deprecated and will be removed in Django 1.10 (got apps.view.index). Pass the callable instead.
  t = url(prefix=prefix, *t)

2016-10-20 13:48:25 django.request WARNING  Not Found: /huodong/qz_sx/test/
2016-10-20 13:48:25 django.request WARNING  Not Found: /favicon.ico
2016-10-20 13:48:46 django.request WARNING  Not Found: /huodong/qz_sx/test/
2016-10-20 13:48:50 django.request WARNING  Not Found: /huodong/qz_sx/test/
2016-10-20 14:01:15 django.request WARNING  Not Found: /site_media//direct/jwplayer/jwplayer.js
2016-10-20 14:01:15 django.request WARNING  Not Found: /site_media//direct/jwplayer/jwplayer.html5.js
2016-10-20 14:01:16 django.request WARNING  Not Found: /site_media//direct/jwplayer/jwplayer.js
2016-10-20 14:01:16 django.request WARNING  Not Found: /site_media//direct/jwplayer/jwplayer.html5.js
2016-10-20 14:04:12 django.request WARNING  Not Found: /site_media//direct/jwplayer/jwplayer.js
2016-10-20 14:04:12 django.request WARNING  Not Found: /site_media//direct/jwplayer/jwplayer.html5.js
2016-10-20 14:04:13 django.request WARNING  Not Found: /site_media//direct/jwplayer/jwplayer.js
2016-10-20 14:04:13 django.request WARNING  Not Found: /site_media//direct/jwplayer/jwplayer.html5.js
2016-10-20 14:04:43 django.request WARNING  Not Found: /site_media//direct/jwplayer/jwplayer.js
2016-10-20 14:04:47 django.request WARNING  Not Found: /site_media/direct/jwplayer/jwplayer.js
2016-10-20 14:06:01 django.request WARNING  Not Found: /site_media//direct/jwplayer/jwplayer.js
2016-10-20 14:06:01 django.request WARNING  Not Found: /site_media//direct/jwplayer/jwplayer.html5.js
2016-10-20 14:06:01 django.request WARNING  Not Found: /site_media//direct/jwplayer/jwplayer.js
2016-10-20 14:06:01 django.request WARNING  Not Found: /site_media//direct/jwplayer/jwplayer.html5.js
2016-10-20 14:06:53 django.request WARNING  Not Found: /huodong/qz_sx/test/<bound method User.get_portrait of <User: 13607660526xs>>
2016-10-20 14:08:06 django.request WARNING  Not Found: /site_media//direct/jwplayer/jwplayer.js
2016-10-20 14:08:06 django.request WARNING  Not Found: /site_media//direct/jwplayer/jwplayer.html5.js
2016-10-20 14:08:06 django.request WARNING  Not Found: /site_media//direct/jwplayer/jwplayer.js
2016-10-20 14:08:06 django.request WARNING  Not Found: /site_media//direct/jwplayer/jwplayer.html5.js
2016-10-20 14:08:19 django.request WARNING  Not Found: /media/utils/left.js
2016-10-20 14:08:34 django.request WARNING  Not Found: /site_media//direct/jwplayer/jwplayer.html5.js
2016-10-20 14:09:48 django.request WARNING  Not Found: /site_media//direct/jwplayer/jwplayer.js
2016-10-20 14:58:31 django.request WARNING  Not Found: /huodong/qz_sx/test/
2016-10-20 16:19:16 django.request WARNING  Not Found: /site_media/images/yystu/exercises/bg_s.png
2016-10-20 16:19:16 django.request WARNING  Not Found: /images/yystu/exercises/bg_x.png
2016-10-20 16:19:17 django.request WARNING  Not Found: /images/com/favicon.ico
